<?xml version="1.0" encoding="UTF-8"?>
<testsuite xmlns:xsi="http://www.w3.org/2001/XMLSchema-instance" xsi:noNamespaceSchemaLocation="https://maven.apache.org/surefire/maven-surefire-plugin/xsd/surefire-test-report-3.0.xsd" version="3.0" name="com.jendouba.agroconnect.resource.AuthResourceTest" time="7.699" tests="5" errors="0" skipped="0" failures="0">
  <properties>
[...]
</properties>
  <testcase name="login_invalid_password" classname="com.jendouba.agroconnect.resource.AuthResourceTest" time="5.883">
    <system-err><![CDATA[WARNING: A Java agent has been loaded dynamically (C:\Users\AMIRA\.m2\repository\net\bytebuddy\byte-buddy-agent\1.14.6\byte-buddy-agent-1.14.6.jar)
WARNING: If a serviceability tool is in use, please run with -XX:+EnableDynamicAgentLoading to hide this warning
WARNING: If a serviceability tool is not in use, please run with -Djdk.instrument.traceUsage for more information
WARNING: Dynamic loading of agents will be disallowed by default in a future release
]]></system-err>
  </testcase>
  <testcase name="register_missing_field" classname="com.jendouba.agroconnect.resource.AuthResourceTest" time="0.012"/>
  <testcase name="login_success" classname="com.jendouba.agroconnect.resource.AuthResourceTest" time="1.246"/>
  <testcase name="register_success" classname="com.jendouba.agroconnect.resource.AuthResourceTest" time="0.41">
    <system-out><![CDATA[Register user received: com.jendouba.agroconnect.core.User@6107165
]]></system-out>
  </testcase>
  <testcase name="login_user_not_found" classname="com.jendouba.agroconnect.resource.AuthResourceTest" time="0.006"/>
</testsuite>